## ComfyUI-Manager: installing dependencies done.
[2024-06-13 18:34] ** ComfyUI startup time: 2024-06-13 18:34:31.794777
[2024-06-13 18:34] ** Platform: Windows
[2024-06-13 18:34] ** Python version: 3.12.4 (tags/v3.12.4:8e8a4ba, Jun  6 2024, 19:30:16) [MSC v.1940 64 bit (AMD64)]
[2024-06-13 18:34] ** Python executable: C:\Python312\python.exe
[2024-06-13 18:34] ** Log path: C:\Users\Public\Gaudi\ComfyUI\ComfyUI_windows_portable\ComfyUI\Gaudi-Style-Image-ComfyUI\comfyui.log
[2024-06-13 18:34] 
Prestartup times for custom nodes:
[2024-06-13 18:34]    0.5 seconds: C:\Users\Public\Gaudi\ComfyUI\ComfyUI_windows_portable\ComfyUI\custom_nodes\ComfyUI-Manager
[2024-06-13 18:34] 
Total VRAM 8192 MB, total RAM 16306 MB
[2024-06-13 18:34] Set vram state to: NORMAL_VRAM
[2024-06-13 18:34] Device: cuda:0 NVIDIA GeForce RTX 2070 SUPER : cudaMallocAsync
[2024-06-13 18:34] VAE dtype: torch.float32
[2024-06-13 18:34] Using pytorch cross attention
[2024-06-13 18:34] [Crystools [0;32mINFO[0m] Crystools version: 1.12.0
[2024-06-13 18:34] [Crystools [0;32mINFO[0m] CPU: AMD Ryzen 7 3700X 8-Core Processor - Arch: AMD64 - OS: Windows 11
[2024-06-13 18:34] [Crystools [0;32mINFO[0m] GPU/s:
[2024-06-13 18:34] [Crystools [0;32mINFO[0m] 0) NVIDIA GeForce RTX 2070 SUPER
[2024-06-13 18:34] [Crystools [0;32mINFO[0m] NVIDIA Driver: 555.99
[2024-06-13 18:34] ### Loading: ComfyUI-Manager (V2.35)
[2024-06-13 18:34] ### ComfyUI Revision: 2178 [ece5acb8] | Released on '2024-05-12'
[2024-06-13 18:34] [36;20m[comfyui_controlnet_aux] | INFO -> Using ckpts path: C:\Users\Public\Gaudi\ComfyUI\ComfyUI_windows_portable\ComfyUI\custom_nodes\comfyui_controlnet_aux\ckpts[0m
[2024-06-13 18:34] [36;20m[comfyui_controlnet_aux] | INFO -> Using symlinks: False[0m
[2024-06-13 18:34] [36;20m[comfyui_controlnet_aux] | INFO -> Using ort providers: ['CUDAExecutionProvider', 'DirectMLExecutionProvider', 'OpenVINOExecutionProvider', 'ROCMExecutionProvider', 'CPUExecutionProvider', 'CoreMLExecutionProvider'][0m
[2024-06-13 18:34] C:\Users\Public\Gaudi\ComfyUI\ComfyUI_windows_portable\ComfyUI\custom_nodes\comfyui_controlnet_aux\node_wrappers\dwpose.py:26: UserWarning: DWPose: Onnxruntime not found or doesn't come with acceleration providers, switch to OpenCV with CPU device. DWPose might run very slowly
  warnings.warn("DWPose: Onnxruntime not found or doesn't come with acceleration providers, switch to OpenCV with CPU device. DWPose might run very slowly")
[2024-06-13 18:34] [36;20m[comfy_mtb] | INFO -> loaded [96m73[0m nodes successfuly[0m
[2024-06-13 18:34] [36;20m[comfy_mtb] | INFO -> Some nodes (5) could not be loaded. This can be ignored, but go to http://None:8188/mtb if you want more information.[0m
[2024-06-13 18:34] 
Import times for custom nodes:
[2024-06-13 18:34]    0.0 seconds: C:\Users\Public\Gaudi\ComfyUI\ComfyUI_windows_portable\ComfyUI\custom_nodes\websocket_image_save.py
[2024-06-13 18:34]    0.0 seconds: C:\Users\Public\Gaudi\ComfyUI\ComfyUI_windows_portable\ComfyUI\custom_nodes\image-resize-comfyui
[2024-06-13 18:34]    0.0 seconds: C:\Users\Public\Gaudi\ComfyUI\ComfyUI_windows_portable\ComfyUI\custom_nodes\comfyui-tooling-nodes
[2024-06-13 18:34]    0.0 seconds: C:\Users\Public\Gaudi\ComfyUI\ComfyUI_windows_portable\ComfyUI\custom_nodes\ComfyUI-Crystools-save
[2024-06-13 18:34]    0.0 seconds: C:\Users\Public\Gaudi\ComfyUI\ComfyUI_windows_portable\ComfyUI\custom_nodes\mikey_nodes
[2024-06-13 18:34]    0.0 seconds: C:\Users\Public\Gaudi\ComfyUI\ComfyUI_windows_portable\ComfyUI\custom_nodes\ComfyUI-Image-Saver
[2024-06-13 18:34]    0.5 seconds: C:\Users\Public\Gaudi\ComfyUI\ComfyUI_windows_portable\ComfyUI\custom_nodes\ComfyUI-Manager
[2024-06-13 18:34]    0.5 seconds: C:\Users\Public\Gaudi\ComfyUI\ComfyUI_windows_portable\ComfyUI\custom_nodes\comfyui_segment_anything
[2024-06-13 18:34]    0.7 seconds: C:\Users\Public\Gaudi\ComfyUI\ComfyUI_windows_portable\ComfyUI\custom_nodes\comfyui_controlnet_aux
[2024-06-13 18:34]    3.3 seconds: C:\Users\Public\Gaudi\ComfyUI\ComfyUI_windows_portable\ComfyUI\custom_nodes\ComfyUI-Crystools
[2024-06-13 18:34]    5.9 seconds: C:\Users\Public\Gaudi\ComfyUI\ComfyUI_windows_portable\ComfyUI\custom_nodes\comfy_mtb
[2024-06-13 18:34] 
[2024-06-13 18:34] Starting server

[2024-06-13 18:34] To see the GUI go to: http://0.0.0.0:8188
[2024-06-13 18:35] [ComfyUI-Manager] default cache updated: https://raw.githubusercontent.com/ltdrdata/ComfyUI-Manager/main/custom-node-list.json
[2024-06-13 18:35] Exception in thread Thread-10 (<lambda>):
[2024-06-13 18:35] Traceback (most recent call last):
[2024-06-13 18:35]   File "C:\Python312\Lib\asyncio\proactor_events.py", line 286, in _loop_reading
[2024-06-13 18:35]     length = fut.result()
[2024-06-13 18:35]              ^^^^^^^^^^^^
[2024-06-13 18:35]   File "C:\Python312\Lib\asyncio\windows_events.py", line 803, in _poll
[2024-06-13 18:35]     value = callback(transferred, key, ov)
[2024-06-13 18:35]             ^^^^^^^^^^^^^^^^^^^^^^^^^^^^^^
[2024-06-13 18:35]   File "C:\Python312\Lib\asyncio\windows_events.py", line 462, in finish_socket_func
[2024-06-13 18:35]     return ov.getresult()
[2024-06-13 18:35]            ^^^^^^^^^^^^^^
[2024-06-13 18:35] OSError: [WinError 121] ‰ø°Âè∑ÁÅØË∂ÖÊó∂Êó∂Èó¥Â∑≤Âà∞
[2024-06-13 18:35] 
[2024-06-13 18:35] The above exception was the direct cause of the following exception:
[2024-06-13 18:35] 
[2024-06-13 18:35] Traceback (most recent call last):
[2024-06-13 18:35]   File "C:\Python312\Lib\threading.py", line 1073, in _bootstrap_inner
[2024-06-13 18:35]     self.run()
[2024-06-13 18:35]   File "C:\Python312\Lib\threading.py", line 1010, in run
[2024-06-13 18:35]     self._target(*self._args, **self._kwargs)
[2024-06-13 18:35]   File "C:\Users\Public\Gaudi\ComfyUI\ComfyUI_windows_portable\ComfyUI\custom_nodes\ComfyUI-Manager\glob\manager_server.py", line 1667, in <lambda>
[2024-06-13 18:35]     threading.Thread(target=lambda: asyncio.run(default_cache_update())).start()
[2024-06-13 18:35]                                     ^^^^^^^^^^^^^^^^^^^^^^^^^^^^^^^^^^^
[2024-06-13 18:35]   File "C:\Python312\Lib\asyncio\runners.py", line 194, in run
[2024-06-13 18:35]     return runner.run(main)
[2024-06-13 18:35]            ^^^^^^^^^^^^^^^^
[2024-06-13 18:35]   File "C:\Python312\Lib\asyncio\runners.py", line 118, in run
[2024-06-13 18:35]     return self._loop.run_until_complete(task)
[2024-06-13 18:35]            ^^^^^^^^^^^^^^^^^^^^^^^^^^^^^^^^^^^
[2024-06-13 18:35]   File "C:\Python312\Lib\asyncio\base_events.py", line 687, in run_until_complete
[2024-06-13 18:35]     return future.result()
[2024-06-13 18:35]            ^^^^^^^^^^^^^^^
[2024-06-13 18:35]   File "C:\Users\Public\Gaudi\ComfyUI\ComfyUI_windows_portable\ComfyUI\custom_nodes\ComfyUI-Manager\glob\manager_server.py", line 1664, in default_cache_update
[2024-06-13 18:35]     await asyncio.gather(a, b, c, d, e)
[2024-06-13 18:35]   File "C:\Users\Public\Gaudi\ComfyUI\ComfyUI_windows_portable\ComfyUI\custom_nodes\ComfyUI-Manager\glob\manager_server.py", line 1651, in get_cache
[2024-06-13 18:35]     json_obj = await core.get_data(uri, True)
[2024-06-13 18:35]                ^^^^^^^^^^^^^^^^^^^^^^^^^^^^^^
[2024-06-13 18:35]   File "C:\Users\Public\Gaudi\ComfyUI\ComfyUI_windows_portable\ComfyUI\custom_nodes\ComfyUI-Manager\glob\manager_core.py", line 583, in get_data
[2024-06-13 18:35]     async with session.get(uri) as resp:
[2024-06-13 18:35]   File "C:\Python312\Lib\site-packages\aiohttp\client.py", line 1197, in __aenter__
[2024-06-13 18:35]     self._resp = await self._coro
[2024-06-13 18:35]                  ^^^^^^^^^^^^^^^^
[2024-06-13 18:35]   File "C:\Python312\Lib\site-packages\aiohttp\client.py", line 608, in _request
[2024-06-13 18:35]     await resp.start(conn)
[2024-06-13 18:35]   File "C:\Python312\Lib\site-packages\aiohttp\client_reqrep.py", line 976, in start
[2024-06-13 18:35]     message, payload = await protocol.read()  # type: ignore[union-attr]
[2024-06-13 18:35]                        ^^^^^^^^^^^^^^^^^^^^^
[2024-06-13 18:35]   File "C:\Python312\Lib\site-packages\aiohttp\streams.py", line 640, in read
[2024-06-13 18:35]     await self._waiter
[2024-06-13 18:35] aiohttp.client_exceptions.ClientOSError: [WinError 121] ‰ø°Âè∑ÁÅØË∂ÖÊó∂Êó∂Èó¥Â∑≤Âà∞
[2024-06-13 18:40] got prompt
[2024-06-13 18:40] model_path is C:\Users\Public\Gaudi\ComfyUI\ComfyUI_windows_portable\ComfyUI\custom_nodes\comfyui_controlnet_aux\ckpts\lllyasviel/Annotators\ZoeD_M12_N.pt
[2024-06-13 18:40] C:\Python312\Lib\site-packages\torch\functional.py:512: UserWarning: torch.meshgrid: in an upcoming release, it will be required to pass the indexing argument. (Triggered internally at ..\aten\src\ATen\native\TensorShape.cpp:3588.)
  return _VF.meshgrid(tensors, **kwargs)  # type: ignore[attr-defined]
[2024-06-13 18:40] model_type EPS
[2024-06-13 18:40] Using pytorch attention in VAE
[2024-06-13 18:40] Using pytorch attention in VAE
[2024-06-13 18:40] Requested to load SD1ClipModel
[2024-06-13 18:40] Loading 1 new model
[2024-06-13 18:40] C:\Users\Public\Gaudi\ComfyUI\ComfyUI_windows_portable\ComfyUI\comfy\ldm\modules\attention.py:345: UserWarning: 1Torch was not compiled with flash attention. (Triggered internally at ..\aten\src\ATen\native\transformers\cuda\sdp_utils.cpp:455.)
  out = torch.nn.functional.scaled_dot_product_attention(q, k, v, attn_mask=mask, dropout_p=0.0, is_causal=False)
[2024-06-13 18:40] Requested to load BaseModel
[2024-06-13 18:40] Requested to load ControlNet
[2024-06-13 18:40] Loading 2 new models
[2024-06-13 18:40] 100%|‚ñà‚ñà‚ñà‚ñà‚ñà‚ñà‚ñà‚ñà‚ñà‚ñà‚ñà‚ñà‚ñà‚ñà‚ñà‚ñà‚ñà‚ñà‚ñà‚ñà‚ñà‚ñà‚ñà‚ñà‚ñà‚ñà‚ñà‚ñà| 5/5 [00:03<00:00,  1.41it/s]100%|‚ñà‚ñà‚ñà‚ñà‚ñà‚ñà‚ñà‚ñà‚ñà‚ñà‚ñà‚ñà‚ñà‚ñà‚ñà‚ñà‚ñà‚ñà‚ñà‚ñà‚ñà‚ñà‚ñà‚ñà‚ñà‚ñà‚ñà‚ñà| 5/5 [00:03<00:00,  1.42it/s]
[2024-06-13 18:40] Requested to load ControlNet
[2024-06-13 18:40] Loading 1 new model
[2024-06-13 18:40] 100%|‚ñà‚ñà‚ñà‚ñà‚ñà‚ñà‚ñà‚ñà‚ñà‚ñà‚ñà‚ñà‚ñà‚ñà‚ñà‚ñà‚ñà‚ñà‚ñà‚ñà‚ñà‚ñà‚ñà‚ñà‚ñà‚ñà‚ñà‚ñà| 5/5 [00:03<00:00,  1.42it/s]100%|‚ñà‚ñà‚ñà‚ñà‚ñà‚ñà‚ñà‚ñà‚ñà‚ñà‚ñà‚ñà‚ñà‚ñà‚ñà‚ñà‚ñà‚ñà‚ñà‚ñà‚ñà‚ñà‚ñà‚ñà‚ñà‚ñà‚ñà‚ñà| 5/5 [00:03<00:00,  1.51it/s]
[2024-06-13 18:40] Requested to load AutoencoderKL
[2024-06-13 18:40] Loading 1 new model
[2024-06-13 18:40] Prompt executed in 22.87 seconds
[2024-06-13 18:42] got prompt
[2024-06-13 18:42] model_path is C:\Users\Public\Gaudi\ComfyUI\ComfyUI_windows_portable\ComfyUI\custom_nodes\comfyui_controlnet_aux\ckpts\lllyasviel/Annotators\ZoeD_M12_N.pt
[2024-06-13 18:42] Requested to load BaseModel
[2024-06-13 18:42] Requested to load ControlNet
[2024-06-13 18:42] Loading 2 new models
[2024-06-13 18:42] 100%|‚ñà‚ñà‚ñà‚ñà‚ñà‚ñà‚ñà‚ñà‚ñà‚ñà‚ñà‚ñà‚ñà‚ñà‚ñà‚ñà‚ñà‚ñà‚ñà‚ñà‚ñà‚ñà‚ñà‚ñà‚ñà‚ñà‚ñà‚ñà| 5/5 [00:03<00:00,  1.41it/s]100%|‚ñà‚ñà‚ñà‚ñà‚ñà‚ñà‚ñà‚ñà‚ñà‚ñà‚ñà‚ñà‚ñà‚ñà‚ñà‚ñà‚ñà‚ñà‚ñà‚ñà‚ñà‚ñà‚ñà‚ñà‚ñà‚ñà‚ñà‚ñà| 5/5 [00:03<00:00,  1.51it/s]
[2024-06-13 18:42] Requested to load ControlNet
[2024-06-13 18:42] Loading 1 new model
[2024-06-13 18:42] 100%|‚ñà‚ñà‚ñà‚ñà‚ñà‚ñà‚ñà‚ñà‚ñà‚ñà‚ñà‚ñà‚ñà‚ñà‚ñà‚ñà‚ñà‚ñà‚ñà‚ñà‚ñà‚ñà‚ñà‚ñà‚ñà‚ñà‚ñà‚ñà| 5/5 [00:03<00:00,  1.41it/s]100%|‚ñà‚ñà‚ñà‚ñà‚ñà‚ñà‚ñà‚ñà‚ñà‚ñà‚ñà‚ñà‚ñà‚ñà‚ñà‚ñà‚ñà‚ñà‚ñà‚ñà‚ñà‚ñà‚ñà‚ñà‚ñà‚ñà‚ñà‚ñà| 5/5 [00:03<00:00,  1.50it/s]
[2024-06-13 18:42] Prompt executed in 17.71 seconds
[2024-06-13 18:44] got prompt
[2024-06-13 18:44] model_path is C:\Users\Public\Gaudi\ComfyUI\ComfyUI_windows_portable\ComfyUI\custom_nodes\comfyui_controlnet_aux\ckpts\lllyasviel/Annotators\ZoeD_M12_N.pt
[2024-06-13 18:44] Requested to load BaseModel
[2024-06-13 18:44] Requested to load ControlNet
[2024-06-13 18:44] Loading 2 new models
[2024-06-13 18:44] 100%|‚ñà‚ñà‚ñà‚ñà‚ñà‚ñà‚ñà‚ñà‚ñà‚ñà‚ñà‚ñà‚ñà‚ñà‚ñà‚ñà‚ñà‚ñà‚ñà‚ñà‚ñà‚ñà‚ñà‚ñà‚ñà‚ñà‚ñà‚ñà| 5/5 [00:03<00:00,  1.41it/s]100%|‚ñà‚ñà‚ñà‚ñà‚ñà‚ñà‚ñà‚ñà‚ñà‚ñà‚ñà‚ñà‚ñà‚ñà‚ñà‚ñà‚ñà‚ñà‚ñà‚ñà‚ñà‚ñà‚ñà‚ñà‚ñà‚ñà‚ñà‚ñà| 5/5 [00:03<00:00,  1.50it/s]
[2024-06-13 18:44] Requested to load ControlNet
[2024-06-13 18:44] Loading 1 new model
[2024-06-13 18:44] 100%|‚ñà‚ñà‚ñà‚ñà‚ñà‚ñà‚ñà‚ñà‚ñà‚ñà‚ñà‚ñà‚ñà‚ñà‚ñà‚ñà‚ñà‚ñà‚ñà‚ñà‚ñà‚ñà‚ñà‚ñà‚ñà‚ñà‚ñà‚ñà| 5/5 [00:03<00:00,  1.41it/s]100%|‚ñà‚ñà‚ñà‚ñà‚ñà‚ñà‚ñà‚ñà‚ñà‚ñà‚ñà‚ñà‚ñà‚ñà‚ñà‚ñà‚ñà‚ñà‚ñà‚ñà‚ñà‚ñà‚ñà‚ñà‚ñà‚ñà‚ñà‚ñà| 5/5 [00:03<00:00,  1.50it/s]
[2024-06-13 18:44] Prompt executed in 16.99 seconds
